<?xml version="1.0" encoding="UTF-8"?>
<!-- Generated by org.testng.reporters.JUnitXMLReporter -->
<testsuite ignored="0" hostname="Asus_Deepak" failures="0" tests="9" name="APITests" time="9.125" errors="0" timestamp="2025-07-01T21:01:09 IST">
  <testcase classname="tests.SampleApiTest" name="createPost" time="2.224"/>
  <testcase classname="tests.SampleApiTest" name="createPostWithInvalidData" time="0.544"/>
  <testcase classname="tests.SampleApiTest" name="deleteNonExistingPost" time="0.67"/>
  <testcase classname="tests.SampleApiTest" name="deletePost" time="0.674"/>
  <testcase classname="tests.SampleApiTest" name="getPostWithInvalidId" time="0.551"/>
  <testcase classname="tests.SampleApiTest" name="updatePost" time="1.426"/>
  <testcase classname="tests.SampleApiTest" name="validateHeaders" time="0.573"/>
  <testcase classname="tests.SampleApiTest" name="validateJsonBody" time="0.607"/>
  <testcase classname="tests.SampleApiTest" name="validateStatusCode" time="0.658"/>
</testsuite> <!-- APITests -->
