<?xml version="1.0" encoding="UTF-8"?>
<!-- Generated by org.testng.reporters.JUnitXMLReporter -->
<testsuite ignored="0" hostname="Asus_Deepak" failures="0" tests="9" name="APITests" time="9.212" errors="0" timestamp="2025-07-01T21:24:54 IST">
  <testcase classname="tests.SampleApiTest" name="createPost" time="2.039"/>
  <testcase classname="tests.SampleApiTest" name="createPostWithInvalidData" time="0.926"/>
  <testcase classname="tests.SampleApiTest" name="deleteNonExistingPost" time="0.629"/>
  <testcase classname="tests.SampleApiTest" name="deletePost" time="0.744"/>
  <testcase classname="tests.SampleApiTest" name="getPostWithInvalidId" time="0.488"/>
  <testcase classname="tests.SampleApiTest" name="updatePost" time="1.568"/>
  <testcase classname="tests.SampleApiTest" name="validateHeaders" time="0.483"/>
  <testcase classname="tests.SampleApiTest" name="validateJsonBody" time="0.608"/>
  <testcase classname="tests.SampleApiTest" name="validateStatusCode" time="0.582"/>
</testsuite> <!-- APITests -->
