<?xml version="1.0" encoding="UTF-8"?>
<testng-results ignored="0" total="9" passed="9" failed="0" skipped="0">
  <reporter-output>
  </reporter-output>
  <suite started-at="2025-07-01T21:01:00 IST" name="APISuite" finished-at="2025-07-01T21:01:09 IST" duration-ms="9125">
    <groups>
    </groups>
    <test started-at="2025-07-01T21:01:00 IST" name="APITests" finished-at="2025-07-01T21:01:09 IST" duration-ms="9125">
      <class name="tests.SampleApiTest">
        <test-method is-config="true" signature="setUpReport()[pri:0, instance:tests.SampleApiTest@45b9a632]" started-at="2025-07-01T21:01:00 IST" name="setUpReport" finished-at="2025-07-01T21:01:00 IST" duration-ms="261" status="PASS">
          <reporter-output>
          </reporter-output>
        </test-method> <!-- setUpReport -->
        <test-method is-config="true" signature="setupRestAssured()[pri:0, instance:tests.SampleApiTest@45b9a632]" started-at="2025-07-01T21:01:00 IST" name="setupRestAssured" finished-at="2025-07-01T21:01:00 IST" duration-ms="559" status="PASS">
          <reporter-output>
          </reporter-output>
        </test-method> <!-- setupRestAssured -->
        <test-method signature="createPost()[pri:0, instance:tests.SampleApiTest@45b9a632]" started-at="2025-07-01T21:01:01 IST" name="createPost" finished-at="2025-07-01T21:01:03 IST" duration-ms="2224" status="PASS">
          <reporter-output>
          </reporter-output>
        </test-method> <!-- createPost -->
        <test-method is-config="true" signature="flushTestReport()[pri:0, instance:tests.SampleApiTest@45b9a632]" started-at="2025-07-01T21:01:03 IST" name="flushTestReport" finished-at="2025-07-01T21:01:03 IST" duration-ms="352" status="PASS">
          <reporter-output>
          </reporter-output>
        </test-method> <!-- flushTestReport -->
        <test-method signature="createPostWithInvalidData()[pri:0, instance:tests.SampleApiTest@45b9a632]" started-at="2025-07-01T21:01:03 IST" name="createPostWithInvalidData" finished-at="2025-07-01T21:01:04 IST" duration-ms="544" status="PASS">
          <reporter-output>
          </reporter-output>
        </test-method> <!-- createPostWithInvalidData -->
        <test-method is-config="true" signature="flushTestReport()[pri:0, instance:tests.SampleApiTest@45b9a632]" started-at="2025-07-01T21:01:04 IST" name="flushTestReport" finished-at="2025-07-01T21:01:04 IST" duration-ms="22" status="PASS">
          <reporter-output>
          </reporter-output>
        </test-method> <!-- flushTestReport -->
        <test-method signature="deleteNonExistingPost()[pri:0, instance:tests.SampleApiTest@45b9a632]" started-at="2025-07-01T21:01:04 IST" name="deleteNonExistingPost" finished-at="2025-07-01T21:01:04 IST" duration-ms="670" status="PASS">
          <reporter-output>
          </reporter-output>
        </test-method> <!-- deleteNonExistingPost -->
        <test-method is-config="true" signature="flushTestReport()[pri:0, instance:tests.SampleApiTest@45b9a632]" started-at="2025-07-01T21:01:04 IST" name="flushTestReport" finished-at="2025-07-01T21:01:04 IST" duration-ms="38" status="PASS">
          <reporter-output>
          </reporter-output>
        </test-method> <!-- flushTestReport -->
        <test-method signature="deletePost()[pri:0, instance:tests.SampleApiTest@45b9a632]" started-at="2025-07-01T21:01:04 IST" name="deletePost" finished-at="2025-07-01T21:01:05 IST" duration-ms="674" status="PASS">
          <reporter-output>
          </reporter-output>
        </test-method> <!-- deletePost -->
        <test-method is-config="true" signature="flushTestReport()[pri:0, instance:tests.SampleApiTest@45b9a632]" started-at="2025-07-01T21:01:05 IST" name="flushTestReport" finished-at="2025-07-01T21:01:05 IST" duration-ms="25" status="PASS">
          <reporter-output>
          </reporter-output>
        </test-method> <!-- flushTestReport -->
        <test-method signature="getPostWithInvalidId()[pri:0, instance:tests.SampleApiTest@45b9a632]" started-at="2025-07-01T21:01:05 IST" name="getPostWithInvalidId" finished-at="2025-07-01T21:01:06 IST" duration-ms="551" status="PASS">
          <reporter-output>
          </reporter-output>
        </test-method> <!-- getPostWithInvalidId -->
        <test-method is-config="true" signature="flushTestReport()[pri:0, instance:tests.SampleApiTest@45b9a632]" started-at="2025-07-01T21:01:06 IST" name="flushTestReport" finished-at="2025-07-01T21:01:06 IST" duration-ms="19" status="PASS">
          <reporter-output>
          </reporter-output>
        </test-method> <!-- flushTestReport -->
        <test-method signature="updatePost()[pri:0, instance:tests.SampleApiTest@45b9a632]" started-at="2025-07-01T21:01:06 IST" name="updatePost" finished-at="2025-07-01T21:01:07 IST" duration-ms="1426" status="PASS">
          <reporter-output>
          </reporter-output>
        </test-method> <!-- updatePost -->
        <test-method is-config="true" signature="flushTestReport()[pri:0, instance:tests.SampleApiTest@45b9a632]" started-at="2025-07-01T21:01:07 IST" name="flushTestReport" finished-at="2025-07-01T21:01:07 IST" duration-ms="26" status="PASS">
          <reporter-output>
          </reporter-output>
        </test-method> <!-- flushTestReport -->
        <test-method signature="validateHeaders()[pri:0, instance:tests.SampleApiTest@45b9a632]" started-at="2025-07-01T21:01:07 IST" name="validateHeaders" finished-at="2025-07-01T21:01:08 IST" duration-ms="573" status="PASS">
          <reporter-output>
          </reporter-output>
        </test-method> <!-- validateHeaders -->
        <test-method is-config="true" signature="flushTestReport()[pri:0, instance:tests.SampleApiTest@45b9a632]" started-at="2025-07-01T21:01:08 IST" name="flushTestReport" finished-at="2025-07-01T21:01:08 IST" duration-ms="26" status="PASS">
          <reporter-output>
          </reporter-output>
        </test-method> <!-- flushTestReport -->
        <test-method signature="validateJsonBody()[pri:0, instance:tests.SampleApiTest@45b9a632]" started-at="2025-07-01T21:01:08 IST" name="validateJsonBody" finished-at="2025-07-01T21:01:08 IST" duration-ms="607" status="PASS">
          <reporter-output>
          </reporter-output>
        </test-method> <!-- validateJsonBody -->
        <test-method is-config="true" signature="flushTestReport()[pri:0, instance:tests.SampleApiTest@45b9a632]" started-at="2025-07-01T21:01:08 IST" name="flushTestReport" finished-at="2025-07-01T21:01:08 IST" duration-ms="41" status="PASS">
          <reporter-output>
          </reporter-output>
        </test-method> <!-- flushTestReport -->
        <test-method signature="validateStatusCode()[pri:0, instance:tests.SampleApiTest@45b9a632]" started-at="2025-07-01T21:01:08 IST" name="validateStatusCode" finished-at="2025-07-01T21:01:09 IST" duration-ms="658" status="PASS">
          <reporter-output>
          </reporter-output>
        </test-method> <!-- validateStatusCode -->
        <test-method is-config="true" signature="flushTestReport()[pri:0, instance:tests.SampleApiTest@45b9a632]" started-at="2025-07-01T21:01:09 IST" name="flushTestReport" finished-at="2025-07-01T21:01:09 IST" duration-ms="21" status="PASS">
          <reporter-output>
          </reporter-output>
        </test-method> <!-- flushTestReport -->
      </class> <!-- tests.SampleApiTest -->
    </test> <!-- APITests -->
  </suite> <!-- APISuite -->
</testng-results>
