<?xml version="1.0" encoding="UTF-8"?>
<testng-results ignored="0" total="9" passed="9" failed="0" skipped="0">
  <reporter-output>
  </reporter-output>
  <suite started-at="2025-07-01T21:24:44 IST" name="APISuite" finished-at="2025-07-01T21:24:54 IST" duration-ms="9212">
    <groups>
    </groups>
    <test started-at="2025-07-01T21:24:44 IST" name="APITests" finished-at="2025-07-01T21:24:54 IST" duration-ms="9212">
      <class name="tests.SampleApiTest">
        <test-method is-config="true" signature="setUpReport()[pri:0, instance:tests.SampleApiTest@45b9a632]" started-at="2025-07-01T21:24:44 IST" name="setUpReport" finished-at="2025-07-01T21:24:44 IST" duration-ms="225" status="PASS">
          <reporter-output>
          </reporter-output>
        </test-method> <!-- setUpReport -->
        <test-method is-config="true" signature="setupRestAssured()[pri:0, instance:tests.SampleApiTest@45b9a632]" started-at="2025-07-01T21:24:44 IST" name="setupRestAssured" finished-at="2025-07-01T21:24:45 IST" duration-ms="406" status="PASS">
          <reporter-output>
          </reporter-output>
        </test-method> <!-- setupRestAssured -->
        <test-method signature="createPost()[pri:0, instance:tests.SampleApiTest@45b9a632]" started-at="2025-07-01T21:24:45 IST" name="createPost" finished-at="2025-07-01T21:24:47 IST" duration-ms="2039" status="PASS">
          <reporter-output>
          </reporter-output>
        </test-method> <!-- createPost -->
        <test-method is-config="true" signature="flushTestReport()[pri:0, instance:tests.SampleApiTest@45b9a632]" started-at="2025-07-01T21:24:47 IST" name="flushTestReport" finished-at="2025-07-01T21:24:47 IST" duration-ms="432" status="PASS">
          <reporter-output>
          </reporter-output>
        </test-method> <!-- flushTestReport -->
        <test-method signature="createPostWithInvalidData()[pri:0, instance:tests.SampleApiTest@45b9a632]" started-at="2025-07-01T21:24:47 IST" name="createPostWithInvalidData" finished-at="2025-07-01T21:24:48 IST" duration-ms="926" status="PASS">
          <reporter-output>
          </reporter-output>
        </test-method> <!-- createPostWithInvalidData -->
        <test-method is-config="true" signature="flushTestReport()[pri:0, instance:tests.SampleApiTest@45b9a632]" started-at="2025-07-01T21:24:48 IST" name="flushTestReport" finished-at="2025-07-01T21:24:48 IST" duration-ms="24" status="PASS">
          <reporter-output>
          </reporter-output>
        </test-method> <!-- flushTestReport -->
        <test-method signature="deleteNonExistingPost()[pri:0, instance:tests.SampleApiTest@45b9a632]" started-at="2025-07-01T21:24:48 IST" name="deleteNonExistingPost" finished-at="2025-07-01T21:24:49 IST" duration-ms="629" status="PASS">
          <reporter-output>
          </reporter-output>
        </test-method> <!-- deleteNonExistingPost -->
        <test-method is-config="true" signature="flushTestReport()[pri:0, instance:tests.SampleApiTest@45b9a632]" started-at="2025-07-01T21:24:49 IST" name="flushTestReport" finished-at="2025-07-01T21:24:49 IST" duration-ms="33" status="PASS">
          <reporter-output>
          </reporter-output>
        </test-method> <!-- flushTestReport -->
        <test-method signature="deletePost()[pri:0, instance:tests.SampleApiTest@45b9a632]" started-at="2025-07-01T21:24:49 IST" name="deletePost" finished-at="2025-07-01T21:24:50 IST" duration-ms="744" status="PASS">
          <reporter-output>
          </reporter-output>
        </test-method> <!-- deletePost -->
        <test-method is-config="true" signature="flushTestReport()[pri:0, instance:tests.SampleApiTest@45b9a632]" started-at="2025-07-01T21:24:50 IST" name="flushTestReport" finished-at="2025-07-01T21:24:50 IST" duration-ms="24" status="PASS">
          <reporter-output>
          </reporter-output>
        </test-method> <!-- flushTestReport -->
        <test-method signature="getPostWithInvalidId()[pri:0, instance:tests.SampleApiTest@45b9a632]" started-at="2025-07-01T21:24:50 IST" name="getPostWithInvalidId" finished-at="2025-07-01T21:24:50 IST" duration-ms="488" status="PASS">
          <reporter-output>
          </reporter-output>
        </test-method> <!-- getPostWithInvalidId -->
        <test-method is-config="true" signature="flushTestReport()[pri:0, instance:tests.SampleApiTest@45b9a632]" started-at="2025-07-01T21:24:50 IST" name="flushTestReport" finished-at="2025-07-01T21:24:50 IST" duration-ms="40" status="PASS">
          <reporter-output>
          </reporter-output>
        </test-method> <!-- flushTestReport -->
        <test-method signature="updatePost()[pri:0, instance:tests.SampleApiTest@45b9a632]" started-at="2025-07-01T21:24:50 IST" name="updatePost" finished-at="2025-07-01T21:24:52 IST" duration-ms="1568" status="PASS">
          <reporter-output>
          </reporter-output>
        </test-method> <!-- updatePost -->
        <test-method is-config="true" signature="flushTestReport()[pri:0, instance:tests.SampleApiTest@45b9a632]" started-at="2025-07-01T21:24:52 IST" name="flushTestReport" finished-at="2025-07-01T21:24:52 IST" duration-ms="18" status="PASS">
          <reporter-output>
          </reporter-output>
        </test-method> <!-- flushTestReport -->
        <test-method signature="validateHeaders()[pri:0, instance:tests.SampleApiTest@45b9a632]" started-at="2025-07-01T21:24:52 IST" name="validateHeaders" finished-at="2025-07-01T21:24:52 IST" duration-ms="483" status="PASS">
          <reporter-output>
          </reporter-output>
        </test-method> <!-- validateHeaders -->
        <test-method is-config="true" signature="flushTestReport()[pri:0, instance:tests.SampleApiTest@45b9a632]" started-at="2025-07-01T21:24:52 IST" name="flushTestReport" finished-at="2025-07-01T21:24:52 IST" duration-ms="53" status="PASS">
          <reporter-output>
          </reporter-output>
        </test-method> <!-- flushTestReport -->
        <test-method signature="validateJsonBody()[pri:0, instance:tests.SampleApiTest@45b9a632]" started-at="2025-07-01T21:24:52 IST" name="validateJsonBody" finished-at="2025-07-01T21:24:53 IST" duration-ms="608" status="PASS">
          <reporter-output>
          </reporter-output>
        </test-method> <!-- validateJsonBody -->
        <test-method is-config="true" signature="flushTestReport()[pri:0, instance:tests.SampleApiTest@45b9a632]" started-at="2025-07-01T21:24:53 IST" name="flushTestReport" finished-at="2025-07-01T21:24:53 IST" duration-ms="15" status="PASS">
          <reporter-output>
          </reporter-output>
        </test-method> <!-- flushTestReport -->
        <test-method signature="validateStatusCode()[pri:0, instance:tests.SampleApiTest@45b9a632]" started-at="2025-07-01T21:24:53 IST" name="validateStatusCode" finished-at="2025-07-01T21:24:54 IST" duration-ms="582" status="PASS">
          <reporter-output>
          </reporter-output>
        </test-method> <!-- validateStatusCode -->
        <test-method is-config="true" signature="flushTestReport()[pri:0, instance:tests.SampleApiTest@45b9a632]" started-at="2025-07-01T21:24:54 IST" name="flushTestReport" finished-at="2025-07-01T21:24:54 IST" duration-ms="44" status="PASS">
          <reporter-output>
          </reporter-output>
        </test-method> <!-- flushTestReport -->
      </class> <!-- tests.SampleApiTest -->
    </test> <!-- APITests -->
  </suite> <!-- APISuite -->
</testng-results>
